#
# There is insufficient memory for the Java Runtime Environment to continue.
# Native memory allocation (malloc) failed to allocate 131088 bytes for Chunk::new
# Possible reasons:
#   The system is out of physical RAM or swap space
#   In 32 bit mode, the process size limit was hit
# Possible solutions:
#   Reduce memory load on the system
#   Increase physical memory or swap space
#   Check if swap backing store is full
#   Use 64 bit Java on a 64 bit OS
#   Decrease Java heap size (-Xmx/-Xms)
#   Decrease number of Java threads
#   Decrease Java thread stack sizes (-Xss)
#   Set larger code cache with -XX:ReservedCodeCacheSize=
# This output file may be truncated or incomplete.
#
#  Out of Memory Error (allocation.cpp:390), pid=19708, tid=22836
#
# JRE version: Java(TM) SE Runtime Environment (8.0_65-b17) (build 1.8.0_65-b17)
# Java VM: Java HotSpot(TM) 64-Bit Server VM (25.65-b01 mixed mode windows-amd64 compressed oops)
# Failed to write core dump. Minidumps are not enabled by default on client versions of Windows
#

---------------  T H R E A D  ---------------

Current thread (0x0000000014c5e000):  JavaThread "C2 CompilerThread0" daemon [_thread_in_native, id=22836, stack(0x0000000016410000,0x0000000016510000)]

Stack: [0x0000000016410000,0x0000000016510000]
[error occurred during error reporting (printing stack bounds), id 0xc0000005]

Native frames: (J=compiled Java code, j=interpreted, Vv=VM code, C=native code)


Current CompileTask:
C2:   3097 1159   !   4       com.android.dx.cf.code.BytecodeArray::parseInstruction (2764 bytes)


---------------  P R O C E S S  ---------------

Java Threads: ( => current thread )
  0x0000000016944800 JavaThread "pool-1-thread-4" [_thread_in_Java, id=8236, stack(0x0000000017110000,0x0000000017210000)]
  0x0000000016942800 JavaThread "pool-1-thread-3" [_thread_in_Java, id=23144, stack(0x0000000017010000,0x0000000017110000)]
  0x0000000016942000 JavaThread "pool-1-thread-2" [_thread_in_Java, id=23096, stack(0x0000000016f10000,0x0000000017010000)]
  0x000000001693f000 JavaThread "pool-2-thread-1" [_thread_blocked, id=20820, stack(0x0000000016e10000,0x0000000016f10000)]
  0x0000000016933000 JavaThread "pool-1-thread-1" [_thread_blocked, id=21508, stack(0x0000000016d10000,0x0000000016e10000)]
  0x0000000016715800 JavaThread "Service Thread" daemon [_thread_blocked, id=15424, stack(0x0000000016b10000,0x0000000016c10000)]
  0x0000000014cbc000 JavaThread "C1 CompilerThread2" daemon [_thread_in_native, id=21892, stack(0x0000000016610000,0x0000000016710000)]
  0x0000000014c60000 JavaThread "C2 CompilerThread1" daemon [_thread_in_native, id=21132, stack(0x0000000016510000,0x0000000016610000)]
=>0x0000000014c5e000 JavaThread "C2 CompilerThread0" daemon [_thread_in_native, id=22836, stack(0x0000000016410000,0x0000000016510000)]
  0x0000000014c5b000 JavaThread "Attach Listener" daemon [_thread_blocked, id=20760, stack(0x0000000016310000,0x0000000016410000)]
  0x0000000014c59800 JavaThread "Signal Dispatcher" daemon [_thread_blocked, id=19848, stack(0x0000000016210000,0x0000000016310000)]
  0x0000000002581000 JavaThread "Finalizer" daemon [_thread_blocked, id=20264, stack(0x0000000015eb0000,0x0000000015fb0000)]
  0x000000000257e000 JavaThread "Reference Handler" daemon [_thread_blocked, id=17872, stack(0x0000000015db0000,0x0000000015eb0000)]
  0x0000000002491000 JavaThread "main" [_thread_blocked, id=20500, stack(0x0000000002390000,0x0000000002490000)]

Other Threads:
  0x0000000014c27000 VMThread [stack: 0x0000000015cb0000,0x0000000015db0000] [id=16852]
  0x0000000016719000 WatcherThread [stack: 0x0000000016c10000,0x0000000016d10000] [id=22768]

VM state:not at safepoint (normal execution)

VM Mutex/Monitor currently owned by a thread: None

Heap:
 PSYoungGen      total 38400K, used 25977K [0x00000000eab00000, 0x00000000ed580000, 0x0000000100000000)
  eden space 33280K, 78% used [0x00000000eab00000,0x00000000ec45e460,0x00000000ecb80000)
  from space 5120K, 0% used [0x00000000ed080000,0x00000000ed080000,0x00000000ed580000)
  to   space 5120K, 0% used [0x00000000ecb80000,0x00000000ecb80000,0x00000000ed080000)
 ParOldGen       total 87552K, used 0K [0x00000000c0000000, 0x00000000c5580000, 0x00000000eab00000)
  object space 87552K, 0% used [0x00000000c0000000,0x00000000c0000000,0x00000000c5580000)
 Metaspace       used 5942K, capacity 6896K, committed 7040K, reserved 1056768K
  class space    used 597K, capacity 616K, committed 640K, reserved 1048576K

Card table byte_map: [0x0000000011950000,0x0000000011b60000] byte_map_base: 0x0000000011350000

Marking Bits: (ParMarkBitMap*) 0x000000006b7da5b0
 Begin Bits: [0x00000000120c0000, 0x00000000130c0000)
 End Bits:   [0x00000000130c0000, 0x00000000140c0000)

Polling page: 0x0000000000b60000

CodeCache: size=245760Kb used=4627Kb max_used=4627Kb free=241133Kb
 bounds [0x0000000002590000, 0x0000000002a20000, 0x0000000011590000]
 total_blobs=1431 nmethods=1162 adapters=182
 compilation: enabled

Compilation events (10 events):
Event: 3.089 Thread 0x0000000014c60000 nmethod 1150 0x0000000002a0b010 code [0x0000000002a0b180, 0x0000000002a0b438]
Event: 3.089 Thread 0x0000000014c60000 1160       4       com.android.dx.rop.cst.CstBaseMethodRef::compareTo0 (29 bytes)
Event: 3.092 Thread 0x0000000014cbc000 nmethod 1156 0x0000000002a0b710 code [0x0000000002a0bea0, 0x0000000002a10098]
Event: 3.092 Thread 0x0000000014cbc000 1161       3       com.android.dx.cf.attrib.BaseAttribute::<init> (24 bytes)
Event: 3.092 Thread 0x0000000014cbc000 nmethod 1161 0x0000000002a0aad0 code [0x0000000002a0ac40, 0x0000000002a0af08]
Event: 3.092 Thread 0x0000000014cbc000 1162       3       com.android.dx.ssa.DomFront::calcDomFronts (154 bytes)
Event: 3.094 Thread 0x0000000014cbc000 nmethod 1162 0x0000000002a08bd0 code [0x0000000002a08e60, 0x0000000002a09e08]
Event: 3.094 Thread 0x0000000014cbc000 1163       3       com.android.dx.ssa.back.SsaToRop::removePhiFunctions (83 bytes)
Event: 3.096 Thread 0x0000000014cbc000 nmethod 1163 0x0000000002a13090 code [0x0000000002a13360, 0x0000000002a146e8]
Event: 3.096 Thread 0x0000000014cbc000 1168       3       com.android.dx.ssa.DeadCodeRemover::run (194 bytes)

GC Heap History (0 events):
No events

Deoptimization events (2 events):
Event: 1.740 Thread 0x0000000016942800 Uncommon trap: reason=unstable_if action=reinterpret pc=0x000000000279df44 method=java.util.HashMap.getNode(ILjava/lang/Object;)Ljava/util/HashMap$Node; @ 62
Event: 2.277 Thread 0x0000000016944800 Uncommon trap: reason=unstable_if action=reinterpret pc=0x0000000002798770 method=java.util.BitSet.nextSetBit(I)I @ 87

Internal exceptions (2 events):
Event: 0.171 Thread 0x0000000002491000 Exception <a 'java/lang/NoSuchMethodError': Method sun.misc.Unsafe.defineClass(Ljava/lang/String;[BII)Ljava/lang/Class; name or signature does not match> (0x00000000eab0d388) thrown at [C:\workspace\8-2-build-windows-amd64-cygwin\jdk8u65\4987\hotspot\src\sä«÷Ô≈?
Event: 0.171 Thread 0x0000000002491000 Exception <a 'java/lang/NoSuchMethodError': Method sun.misc.Unsafe.prefetchRead(Ljava/lang/Object;J)V name or signature does not match> (0x00000000eab0d670) thrown at [C:\workspace\8-2-build-windows-amd64-cygwin\jdk8u65\4987\hotspot\src\share\vm\prims\jni.

Events (10 events):
Event: 2.740 loading class com/android/dx/cf/attrib/AttConstantValue
Event: 2.740 loading class com/android/dx/cf/attrib/AttConstantValue done
Event: 2.759 Executing VM operation: ForceSafepoint
Event: 3.045 Executing VM operation: ForceSafepoint done
Event: 3.077 loading class com/android/dx/cf/direct/AnnotationParser
Event: 3.077 loading class com/android/dx/cf/direct/AnnotationParser done
Event: 3.079 loading class com/android/dx/cf/attrib/AttRuntimeVisibleAnnotations
Event: 3.079 loading class com/android/dx/cf/attrib/AttRuntimeVisibleAnnotations done
Event: 3.079 loading class com/android/dx/cf/attrib/BaseAnnotations
Event: 3.079 loading class com/android/dx/cf/attrib/BaseAnnotations done


Dynamic libraries:
0x00007ff673340000 - 0x00007ff673377000 	C:\Program Files\Java\jdk1.8.0_65\bin\java.exe
0x00007ff994830000 - 0x00007ff9949dc000 	C:\Windows\SYSTEM32\ntdll.dll
0x00007ff9943e0000 - 0x00007ff99451e000 	C:\Windows\system32\KERNEL32.DLL
0x00007ff991b60000 - 0x00007ff991c75000 	C:\Windows\system32\KERNELBASE.dll
0x00007ff990520000 - 0x00007ff9905ae000 	C:\Windows\system32\apphelp.dll
0x00007ff983d00000 - 0x00007ff983d53000 	C:\Windows\AppPatch\AppPatch64\AcGenral.DLL
0x00007ff993be0000 - 0x00007ff993c8a000 	C:\Windows\system32\msvcrt.dll
0x00007ff9917b0000 - 0x00007ff9917de000 	C:\Windows\SYSTEM32\SspiCli.dll
0x00007ff993df0000 - 0x00007ff993e44000 	C:\Windows\system32\SHLWAPI.dll
0x00007ff9922b0000 - 0x00007ff992427000 	C:\Windows\system32\USER32.dll
0x00007ff9940e0000 - 0x00007ff994274000 	C:\Windows\system32\ole32.dll
0x00007ff9926c0000 - 0x00007ff993bd8000 	C:\Windows\system32\SHELL32.dll
0x00007ff990f20000 - 0x00007ff990f41000 	C:\Windows\SYSTEM32\USERENV.dll
0x00007ff9920d0000 - 0x00007ff99217a000 	C:\Windows\system32\ADVAPI32.dll
0x00007ff98e770000 - 0x00007ff98e78e000 	C:\Windows\SYSTEM32\MPR.dll
0x00007ff993c90000 - 0x00007ff993dd1000 	C:\Windows\system32\RPCRT4.dll
0x00007ff994700000 - 0x00007ff994759000 	C:\Windows\SYSTEM32\sechost.dll
0x00007ff991eb0000 - 0x00007ff9920c1000 	C:\Windows\SYSTEM32\combase.dll
0x00007ff993e70000 - 0x00007ff993fc1000 	C:\Windows\system32\GDI32.dll
0x00007ff991980000 - 0x00007ff991995000 	C:\Windows\SYSTEM32\profapi.dll
0x00007ff98fe40000 - 0x00007ff98fef2000 	C:\Windows\SYSTEM32\SHCORE.dll
0x00007ff993fd0000 - 0x00007ff994006000 	C:\Windows\system32\IMM32.DLL
0x00007ff994280000 - 0x00007ff9943d1000 	C:\Windows\system32\MSCTF.dll
0x00007ff98f9c0000 - 0x00007ff98fc3b000 	C:\Windows\WinSxS\amd64_microsoft.windows.common-controls_6595b64144ccf1df_6.0.9600.17784_none_624760d1ecb7236e\COMCTL32.dll
0x000000006c240000 - 0x000000006c312000 	C:\Program Files\Java\jdk1.8.0_65\jre\bin\msvcr100.dll
0x000000006afd0000 - 0x000000006b859000 	C:\Program Files\Java\jdk1.8.0_65\jre\bin\server\jvm.dll
0x00007ff97a110000 - 0x00007ff97a119000 	C:\Windows\SYSTEM32\WSOCK32.dll
0x00007ff98ef20000 - 0x00007ff98ef42000 	C:\Windows\SYSTEM32\WINMM.dll
0x00007ff98ea40000 - 0x00007ff98ea4a000 	C:\Windows\SYSTEM32\VERSION.dll
0x00007ff9921e0000 - 0x00007ff9921e7000 	C:\Windows\system32\PSAPI.DLL
0x00007ff992660000 - 0x00007ff9926ba000 	C:\Windows\system32\WS2_32.dll
0x00007ff98ed40000 - 0x00007ff98ed6a000 	C:\Windows\SYSTEM32\WINMMBASE.dll
0x00007ff9924a0000 - 0x00007ff9924a9000 	C:\Windows\system32\NSI.dll
0x00007ff991e60000 - 0x00007ff991eaf000 	C:\Windows\SYSTEM32\cfgmgr32.dll
0x00007ff990780000 - 0x00007ff9907a8000 	C:\Windows\SYSTEM32\DEVOBJ.dll
0x000000006c6b0000 - 0x000000006c6bf000 	C:\Program Files\Java\jdk1.8.0_65\jre\bin\verify.dll
0x000000006c680000 - 0x000000006c6a9000 	C:\Program Files\Java\jdk1.8.0_65\jre\bin\java.dll
0x000000006c660000 - 0x000000006c676000 	C:\Program Files\Java\jdk1.8.0_65\jre\bin\zip.dll

VM Arguments:
jvm_args: -Djava.awt.headless=true -Xmx1024M -Dfile.encoding=windows-1252 -Duser.country=US -Duser.language=en -Duser.variant 
java_command: com.android.dx.command.Main --dex --num-threads=4 --output D:\CONTESTS\Janashakthi_project\TravelSmart\app\build\intermediates\pre-dexed\debug\com.google.android.gms-play-services-appindexing-8.1.0_bbb46e078994a84614874308bbf949225694f3db.jar D:\CONTESTS\Janashakthi_project\TravelSmart\app\build\intermediates\exploded-aar\com.google.android.gms\play-services-appindexing\8.1.0\jars\classes.jar
java_class_path (initial): D:\PROGRAMS\ANDROID_SDK\build-tools\23.0.3\lib\dx.jar
Launcher Type: SUN_STANDARD

Environment Variables:
PATH=C:\Program Files\Java\jdk1.8.0_65\bin;C:\Program Files\Git\cmd;C:\xampp\php;C:\ProgramData\ComposerSetup\bin;D:\PROGRAMS\NODE_JS\;C:\Program Files\Java\jdk1.8.0_65\bin;C:\Program Files (x86)\scala\bin;C:\Users\Savinda Keshan\AppData\Roaming\Composer\vendor\bin;C:\Users\Savinda Keshan\AppData\Roaming\npm
USERNAME=Savinda Keshan
OS=Windows_NT
PROCESSOR_IDENTIFIER=Intel64 Family 6 Model 61 Stepping 4, GenuineIntel



---------------  S Y S T E M  ---------------

OS: Windows 8.1 , 64 bit Build 9600 (6.3.9600.17415)

CPU:total 4 (2 cores per cpu, 2 threads per core) family 6 model 61 stepping 4, cmov, cx8, fxsr, mmx, sse, sse2, sse3, ssse3, sse4.1, sse4.2, popcnt, avx, avx2, aes, clmul, erms, 3dnowpref, lzcnt, ht, tsc, tscinvbit, bmi1, bmi2

Memory: 4k page, physical 8285976k(1579796k free), swap 11431708k(5196k free)

vm_info: Java HotSpot(TM) 64-Bit Server VM (25.65-b01) for windows-amd64 JRE (1.8.0_65-b17), built on Oct  6 2015 16:39:20 by "java_re" with MS VC++ 10.0 (VS2010)

time: Tue Oct 25 04:54:37 2016
elapsed time: 3 seconds (0d 0h 0m 3s)

