#
# There is insufficient memory for the Java Runtime Environment to continue.
# Native memory allocation (malloc) failed to allocate 32744 bytes for ChunkPool::allocate
# Possible reasons:
#   The system is out of physical RAM or swap space
#   In 32 bit mode, the process size limit was hit
# Possible solutions:
#   Reduce memory load on the system
#   Increase physical memory or swap space
#   Check if swap backing store is full
#   Use 64 bit Java on a 64 bit OS
#   Decrease Java heap size (-Xmx/-Xms)
#   Decrease number of Java threads
#   Decrease Java thread stack sizes (-Xss)
#   Set larger code cache with -XX:ReservedCodeCacheSize=
# This output file may be truncated or incomplete.
#
#  Out of Memory Error (allocation.cpp:273), pid=23480, tid=17628
#
# JRE version: Java(TM) SE Runtime Environment (8.0_65-b17) (build 1.8.0_65-b17)
# Java VM: Java HotSpot(TM) 64-Bit Server VM (25.65-b01 mixed mode windows-amd64 compressed oops)
# Failed to write core dump. Minidumps are not enabled by default on client versions of Windows
#

---------------  T H R E A D  ---------------

Current thread (0x0000000015444000):  JavaThread "C1 CompilerThread2" daemon [_thread_in_native, id=17628, stack(0x0000000016db0000,0x0000000016eb0000)]

Stack: [0x0000000016db0000,0x0000000016eb0000]
[error occurred during error reporting (printing stack bounds), id 0xc0000005]

Native frames: (J=compiled Java code, j=interpreted, Vv=VM code, C=native code)


Current CompileTask:
C1:   3038 1147       3       com.android.dx.cf.code.Simulator$SimVisitor::visitNoArgs (2108 bytes)


---------------  P R O C E S S  ---------------

Java Threads: ( => current thread )
  0x00000000170cd800 JavaThread "pool-1-thread-4" [_thread_in_Java, id=6964, stack(0x00000000178b0000,0x00000000179b0000)]
  0x00000000170b4800 JavaThread "pool-1-thread-3" [_thread_in_Java, id=21824, stack(0x00000000177b0000,0x00000000178b0000)]
  0x000000001701a800 JavaThread "pool-1-thread-2" [_thread_in_Java, id=21080, stack(0x00000000176b0000,0x00000000177b0000)]
  0x0000000017019800 JavaThread "pool-2-thread-1" [_thread_blocked, id=22916, stack(0x00000000175b0000,0x00000000176b0000)]
  0x0000000017017000 JavaThread "pool-1-thread-1" [_thread_in_Java, id=19556, stack(0x00000000174b0000,0x00000000175b0000)]
  0x0000000016ecc000 JavaThread "Service Thread" daemon [_thread_blocked, id=19532, stack(0x00000000172b0000,0x00000000173b0000)]
=>0x0000000015444000 JavaThread "C1 CompilerThread2" daemon [_thread_in_native, id=17628, stack(0x0000000016db0000,0x0000000016eb0000)]
  0x00000000153ef800 JavaThread "C2 CompilerThread1" daemon [_thread_in_native, id=23132, stack(0x0000000016cb0000,0x0000000016db0000)]
  0x00000000153ed800 JavaThread "C2 CompilerThread0" daemon [_thread_in_vm, id=22592, stack(0x0000000016bb0000,0x0000000016cb0000)]
  0x00000000153ea800 JavaThread "Attach Listener" daemon [_thread_blocked, id=22460, stack(0x0000000016ab0000,0x0000000016bb0000)]
  0x00000000153e9800 JavaThread "Signal Dispatcher" daemon [_thread_blocked, id=15688, stack(0x00000000169b0000,0x0000000016ab0000)]
  0x0000000002c60800 JavaThread "Finalizer" daemon [_thread_blocked, id=4392, stack(0x0000000016650000,0x0000000016750000)]
  0x0000000002c5d800 JavaThread "Reference Handler" daemon [_thread_blocked, id=21204, stack(0x0000000016550000,0x0000000016650000)]
  0x0000000002b71000 JavaThread "main" [_thread_blocked, id=19680, stack(0x0000000002a20000,0x0000000002b20000)]

Other Threads:
  0x00000000153b8000 VMThread [stack: 0x0000000016450000,0x0000000016550000] [id=8676]
  0x0000000016ed0000 WatcherThread [stack: 0x00000000173b0000,0x00000000174b0000] [id=23456]

VM state:not at safepoint (normal execution)

VM Mutex/Monitor currently owned by a thread: None

Heap:
 PSYoungGen      total 38400K, used 25961K [0x00000000eab00000, 0x00000000ed580000, 0x0000000100000000)
  eden space 33280K, 78% used [0x00000000eab00000,0x00000000ec45a438,0x00000000ecb80000)
  from space 5120K, 0% used [0x00000000ed080000,0x00000000ed080000,0x00000000ed580000)
  to   space 5120K, 0% used [0x00000000ecb80000,0x00000000ecb80000,0x00000000ed080000)
 ParOldGen       total 87552K, used 0K [0x00000000c0000000, 0x00000000c5580000, 0x00000000eab00000)
  object space 87552K, 0% used [0x00000000c0000000,0x00000000c0000000,0x00000000c5580000)
 Metaspace       used 5947K, capacity 6898K, committed 7040K, reserved 1056768K
  class space    used 604K, capacity 618K, committed 640K, reserved 1048576K

Card table byte_map: [0x00000000120e0000,0x00000000122f0000] byte_map_base: 0x0000000011ae0000

Marking Bits: (ParMarkBitMap*) 0x000000006b7da5b0
 Begin Bits: [0x0000000012850000, 0x0000000013850000)
 End Bits:   [0x0000000013850000, 0x0000000014850000)

Polling page: 0x00000000012b0000

CodeCache: size=245760Kb used=4576Kb max_used=4589Kb free=241183Kb
 bounds [0x0000000002d20000, 0x00000000031a0000, 0x0000000011d20000]
 total_blobs=1403 nmethods=1134 adapters=182
 compilation: enabled

Compilation events (10 events):
Event: 3.024 Thread 0x0000000015444000 nmethod 1141 0x00000000031986d0 code [0x0000000003198860, 0x0000000003198cb8]
Event: 3.024 Thread 0x0000000015444000 1142       3       com.android.dx.rop.type.Type::compareTo (12 bytes)
Event: 3.024 Thread 0x0000000015444000 nmethod 1142 0x000000000318da90 code [0x000000000318dc00, 0x000000000318de28]
Event: 3.024 Thread 0x0000000015444000 1143       3       com.android.dx.cf.code.SwitchList::add (35 bytes)
Event: 3.025 Thread 0x0000000015444000 nmethod 1143 0x0000000003198e90 code [0x0000000003199040, 0x00000000031995f8]
Event: 3.027 Thread 0x0000000015444000 1145       3       com.android.dx.rop.code.Rops::opConst (85 bytes)
Event: 3.028 Thread 0x0000000015444000 nmethod 1145 0x0000000003199850 code [0x0000000003199aa0, 0x000000000319a7a8]
Event: 3.029 Thread 0x0000000015444000 1146       3       com.android.dx.cf.code.ExecutionStack::peekType (11 bytes)
Event: 3.029 Thread 0x0000000015444000 nmethod 1146 0x000000000319ad50 code [0x000000000319aec0, 0x000000000319b178]
Event: 3.029 Thread 0x0000000015444000 1147       3       com.android.dx.cf.code.Simulator$SimVisitor::visitNoArgs (2108 bytes)

GC Heap History (0 events):
No events

Deoptimization events (3 events):
Event: 1.372 Thread 0x0000000002b71000 Uncommon trap: reason=unstable_if action=reinterpret pc=0x0000000002f4e644 method=java.util.HashMap.getNode(ILjava/lang/Object;)Ljava/util/HashMap$Node; @ 62
Event: 1.920 Thread 0x0000000002b71000 Uncommon trap: reason=unstable_if action=reinterpret pc=0x0000000002fd051c method=java.util.HashMap.getNode(ILjava/lang/Object;)Ljava/util/HashMap$Node; @ 129
Event: 2.013 Thread 0x0000000017017000 Uncommon trap: reason=unstable_if action=reinterpret pc=0x000000000306d25c method=com.android.dx.rop.cst.Constant.compareTo(Lcom/android/dx/rop/cst/Constant;)I @ 12

Internal exceptions (2 events):
Event: 0.171 Thread 0x0000000002b71000 Exception <a 'java/lang/NoSuchMethodError': Method sun.misc.Unsafe.defineClass(Ljava/lang/String;[BII)Ljava/lang/Class; name or signature does not match> (0x00000000eab0d378) thrown at [C:\workspace\8-2-build-windows-amd64-cygwin\jdk8u65\4987\hotspot\src\sEk∫¢–Ó≈?
Event: 0.171 Thread 0x0000000002b71000 Exception <a 'java/lang/NoSuchMethodError': Method sun.misc.Unsafe.prefetchRead(Ljava/lang/Object;J)V name or signature does not match> (0x00000000eab0d660) thrown at [C:\workspace\8-2-build-windows-amd64-cygwin\jdk8u65\4987\hotspot\src\share\vm\prims\jni.

Events (10 events):
Event: 2.478 loading class java/util/TreeMap$EntrySet
Event: 2.478 loading class java/util/TreeMap$EntrySet done
Event: 2.478 loading class java/util/TreeMap$EntryIterator
Event: 2.478 loading class java/util/TreeMap$EntryIterator done
Event: 2.478 Executing VM operation: Deoptimize
Event: 2.620 Executing VM operation: Deoptimize done
Event: 2.643 loading class java/util/HashMap$KeySet
Event: 2.643 loading class java/util/HashMap$KeySet done
Event: 2.643 loading class java/util/HashMap$KeyIterator
Event: 2.643 loading class java/util/HashMap$KeyIterator done


Dynamic libraries:
0x00007ff673340000 - 0x00007ff673377000 	C:\Program Files\Java\jdk1.8.0_65\bin\java.exe
0x00007ff994830000 - 0x00007ff9949dc000 	C:\Windows\SYSTEM32\ntdll.dll
0x00007ff9943e0000 - 0x00007ff99451e000 	C:\Windows\system32\KERNEL32.DLL
0x00007ff991b60000 - 0x00007ff991c75000 	C:\Windows\system32\KERNELBASE.dll
0x00007ff990520000 - 0x00007ff9905ae000 	C:\Windows\system32\apphelp.dll
0x00007ff983d00000 - 0x00007ff983d53000 	C:\Windows\AppPatch\AppPatch64\AcGenral.DLL
0x00007ff993be0000 - 0x00007ff993c8a000 	C:\Windows\system32\msvcrt.dll
0x00007ff9917b0000 - 0x00007ff9917de000 	C:\Windows\SYSTEM32\SspiCli.dll
0x00007ff993df0000 - 0x00007ff993e44000 	C:\Windows\system32\SHLWAPI.dll
0x00007ff9922b0000 - 0x00007ff992427000 	C:\Windows\system32\USER32.dll
0x00007ff9940e0000 - 0x00007ff994274000 	C:\Windows\system32\ole32.dll
0x00007ff9926c0000 - 0x00007ff993bd8000 	C:\Windows\system32\SHELL32.dll
0x00007ff990f20000 - 0x00007ff990f41000 	C:\Windows\SYSTEM32\USERENV.dll
0x00007ff9920d0000 - 0x00007ff99217a000 	C:\Windows\system32\ADVAPI32.dll
0x00007ff98e770000 - 0x00007ff98e78e000 	C:\Windows\SYSTEM32\MPR.dll
0x00007ff993c90000 - 0x00007ff993dd1000 	C:\Windows\system32\RPCRT4.dll
0x00007ff994700000 - 0x00007ff994759000 	C:\Windows\SYSTEM32\sechost.dll
0x00007ff991eb0000 - 0x00007ff9920c1000 	C:\Windows\SYSTEM32\combase.dll
0x00007ff993e70000 - 0x00007ff993fc1000 	C:\Windows\system32\GDI32.dll
0x00007ff991980000 - 0x00007ff991995000 	C:\Windows\SYSTEM32\profapi.dll
0x00007ff98fe40000 - 0x00007ff98fef2000 	C:\Windows\SYSTEM32\SHCORE.dll
0x00007ff993fd0000 - 0x00007ff994006000 	C:\Windows\system32\IMM32.DLL
0x00007ff994280000 - 0x00007ff9943d1000 	C:\Windows\system32\MSCTF.dll
0x00007ff98f9c0000 - 0x00007ff98fc3b000 	C:\Windows\WinSxS\amd64_microsoft.windows.common-controls_6595b64144ccf1df_6.0.9600.17784_none_624760d1ecb7236e\COMCTL32.dll
0x000000006c240000 - 0x000000006c312000 	C:\Program Files\Java\jdk1.8.0_65\jre\bin\msvcr100.dll
0x000000006afd0000 - 0x000000006b859000 	C:\Program Files\Java\jdk1.8.0_65\jre\bin\server\jvm.dll
0x00007ff97a110000 - 0x00007ff97a119000 	C:\Windows\SYSTEM32\WSOCK32.dll
0x00007ff98ef20000 - 0x00007ff98ef42000 	C:\Windows\SYSTEM32\WINMM.dll
0x00007ff98ea40000 - 0x00007ff98ea4a000 	C:\Windows\SYSTEM32\VERSION.dll
0x00007ff9921e0000 - 0x00007ff9921e7000 	C:\Windows\system32\PSAPI.DLL
0x00007ff992660000 - 0x00007ff9926ba000 	C:\Windows\system32\WS2_32.dll
0x00007ff98ed40000 - 0x00007ff98ed6a000 	C:\Windows\SYSTEM32\WINMMBASE.dll
0x00007ff9924a0000 - 0x00007ff9924a9000 	C:\Windows\system32\NSI.dll
0x00007ff991e60000 - 0x00007ff991eaf000 	C:\Windows\SYSTEM32\cfgmgr32.dll
0x00007ff990780000 - 0x00007ff9907a8000 	C:\Windows\SYSTEM32\DEVOBJ.dll
0x000000006c6b0000 - 0x000000006c6bf000 	C:\Program Files\Java\jdk1.8.0_65\jre\bin\verify.dll
0x000000006c680000 - 0x000000006c6a9000 	C:\Program Files\Java\jdk1.8.0_65\jre\bin\java.dll
0x000000006c660000 - 0x000000006c676000 	C:\Program Files\Java\jdk1.8.0_65\jre\bin\zip.dll

VM Arguments:
jvm_args: -Djava.awt.headless=true -Xmx1024M -Dfile.encoding=windows-1252 -Duser.country=US -Duser.language=en -Duser.variant 
java_command: com.android.dx.command.Main --dex --num-threads=4 --output D:\CONTESTS\Janashakthi_project\TravelSmart\app\build\intermediates\pre-dexed\debug\com.android.support-support-vector-drawable-24.1.1_21a2c0547a310991d42e2017054e7a5fd694a053.jar D:\CONTESTS\Janashakthi_project\TravelSmart\app\build\intermediates\exploded-aar\com.android.support\support-vector-drawable\24.1.1\jars\classes.jar
java_class_path (initial): D:\PROGRAMS\ANDROID_SDK\build-tools\23.0.3\lib\dx.jar
Launcher Type: SUN_STANDARD

Environment Variables:
PATH=C:\Program Files\Java\jdk1.8.0_65\bin;C:\Program Files\Git\cmd;C:\xampp\php;C:\ProgramData\ComposerSetup\bin;D:\PROGRAMS\NODE_JS\;C:\Program Files\Java\jdk1.8.0_65\bin;C:\Program Files (x86)\scala\bin;C:\Users\Savinda Keshan\AppData\Roaming\Composer\vendor\bin;C:\Users\Savinda Keshan\AppData\Roaming\npm
USERNAME=Savinda Keshan
OS=Windows_NT
PROCESSOR_IDENTIFIER=Intel64 Family 6 Model 61 Stepping 4, GenuineIntel



---------------  S Y S T E M  ---------------

OS: Windows 8.1 , 64 bit Build 9600 (6.3.9600.17415)

CPU:total 4 (2 cores per cpu, 2 threads per core) family 6 model 61 stepping 4, cmov, cx8, fxsr, mmx, sse, sse2, sse3, ssse3, sse4.1, sse4.2, popcnt, avx, avx2, aes, clmul, erms, 3dnowpref, lzcnt, ht, tsc, tscinvbit, bmi1, bmi2

Memory: 4k page, physical 8285976k(1585056k free), swap 11431708k(5568k free)

vm_info: Java HotSpot(TM) 64-Bit Server VM (25.65-b01) for windows-amd64 JRE (1.8.0_65-b17), built on Oct  6 2015 16:39:20 by "java_re" with MS VC++ 10.0 (VS2010)

time: Tue Oct 25 04:54:37 2016
elapsed time: 3 seconds (0d 0h 0m 3s)

